[    0.000000] Linux version 4.15.0-176-generic (buildd@lcy02-amd64-020) (gcc version 7.5.0 (Ubuntu 7.5.0-3ubuntu1~18.04)) #185-Ubuntu SMP Tue Mar 29 17:40:04 UTC 2022 (Ubuntu 4.15.0-176.185-generic 4.15.18)
[    0.000000] Command line: BOOT_IMAGE=/boot/vmlinuz-4.15.0-176-generic root=LABEL=cloudimg-rootfs ro console=tty1 console=ttyS0
[    0.000000] KERNEL supported cpus:
[    0.000000]   Intel GenuineIntel
[    0.000000]   AMD AuthenticAMD
[    0.000000]   Centaur CentaurHauls
[    0.000000] x86/fpu: Supporting XSAVE feature 0x001: 'x87 floating point registers'
[    0.000000] x86/fpu: Supporting XSAVE feature 0x002: 'SSE registers'
[    0.000000] x86/fpu: Supporting XSAVE feature 0x004: 'AVX registers'
[    0.000000] x86/fpu: xstate_offset[2]:  576, xstate_sizes[2]:  256
[    0.000000] x86/fpu: Enabled xstate features 0x7, context size is 832 bytes, using 'standard' format.
[    0.000000] e820: BIOS-provided physical RAM map:
[    0.000000] BIOS-e820: [mem 0x0000000000000000-0x000000000009fbff] usable
[    0.000000] BIOS-e820: [mem 0x000000000009fc00-0x000000000009ffff] reserved
[    0.000000] BIOS-e820: [mem 0x00000000000f0000-0x00000000000fffff] reserved
[    0.000000] BIOS-e820: [mem 0x0000000000100000-0x000000003ffeffff] usable
[    0.000000] BIOS-e820: [mem 0x000000003fff0000-0x000000003fffffff] ACPI data
[    0.000000] BIOS-e820: [mem 0x00000000fec00000-0x00000000fec00fff] reserved
[    0.000000] BIOS-e820: [mem 0x00000000fee00000-0x00000000fee00fff] reserved
[    0.000000] BIOS-e820: [mem 0x00000000fffc0000-0x00000000ffffffff] reserved
[    0.000000] NX (Execute Disable) protection: active
[    0.000000] SMBIOS 2.5 present.
[    0.000000] DMI: innotek GmbH VirtualBox/VirtualBox, BIOS VirtualBox 12/01/2006
[    0.000000] Hypervisor detected: KVM
[    0.000000] e820: last_pfn = 0x3fff0 max_arch_pfn = 0x400000000
[    0.000000] MTRR: Disabled
[    0.000000] x86/PAT: MTRRs disabled, skipping PAT initialization too.
[    0.000000] CPU MTRRs all blank - virtualized system.
[    0.000000] x86/PAT: Configuration [0-7]: WB  WT  UC- UC  WB  WT  UC- UC  
[    0.000000] found SMP MP-table at [mem 0x0009fff0-0x0009ffff]
[    0.000000] Scanning 1 areas for low memory corruption
[    0.000000] RAMDISK: [mem 0x359cd000-0x36cddfff]
[    0.000000] ACPI: Early table checksum verification disabled
[    0.000000] ACPI: RSDP 0x00000000000E0000 000024 (v02 VBOX  )
[    0.000000] ACPI: XSDT 0x000000003FFF0030 00003C (v01 VBOX   VBOXXSDT 00000001 ASL  00000061)
[    0.000000] ACPI: FACP 0x000000003FFF00F0 0000F4 (v04 VBOX   VBOXFACP 00000001 ASL  00000061)
[    0.000000] ACPI: DSDT 0x000000003FFF0470 002325 (v02 VBOX   VBOXBIOS 00000002 INTL 20120111)
[    0.000000] ACPI: FACS 0x000000003FFF0200 000040
[    0.000000] ACPI: FACS 0x000000003FFF0200 000040
[    0.000000] ACPI: APIC 0x000000003FFF0240 00005C (v02 VBOX   VBOXAPIC 00000001 ASL  00000061)
[    0.000000] ACPI: SSDT 0x000000003FFF02A0 0001CC (v01 VBOX   VBOXCPUT 00000002 INTL 20120111)
[    0.000000] ACPI: Reserving FACP table memory at [mem 0x3fff00f0-0x3fff01e3]
[    0.000000] ACPI: Reserving DSDT table memory at [mem 0x3fff0470-0x3fff2794]
[    0.000000] ACPI: Reserving FACS table memory at [mem 0x3fff0200-0x3fff023f]
[    0.000000] ACPI: Reserving FACS table memory at [mem 0x3fff0200-0x3fff023f]
[    0.000000] ACPI: Reserving APIC table memory at [mem 0x3fff0240-0x3fff029b]
[    0.000000] ACPI: Reserving SSDT table memory at [mem 0x3fff02a0-0x3fff046b]
[    0.000000] No NUMA configuration found
[    0.000000] Faking a node at [mem 0x0000000000000000-0x000000003ffeffff]
[    0.000000] NODE_DATA(0) allocated [mem 0x3ffc5000-0x3ffeffff]
[    0.000000] kvm-clock: cpu 0, msr 0:3ff44001, primary cpu clock
[    0.000000] kvm-clock: Using msrs 4b564d01 and 4b564d00
[    0.000000] kvm-clock: using sched offset of 4283541363 cycles
[    0.000000] clocksource: kvm-clock: mask: 0xffffffffffffffff max_cycles: 0x1cd42e4dffb, max_idle_ns: 881590591483 ns
[    0.000000] Zone ranges:
[    0.000000]   DMA      [mem 0x0000000000001000-0x0000000000ffffff]
[    0.000000]   DMA32    [mem 0x0000000001000000-0x000000003ffeffff]
[    0.000000]   Normal   empty
[    0.000000]   Device   empty
[    0.000000] Movable zone start for each node
[    0.000000] Early memory node ranges
[    0.000000]   node   0: [mem 0x0000000000001000-0x000000000009efff]
[    0.000000]   node   0: [mem 0x0000000000100000-0x000000003ffeffff]
[    0.000000] Reserved but unavailable: 104 pages
[    0.000000] Initmem setup node 0 [mem 0x0000000000001000-0x000000003ffeffff]
[    0.000000] ACPI: PM-Timer IO Port: 0x4008
[    0.000000] IOAPIC[0]: apic_id 2, version 32, address 0xfec00000, GSI 0-23
[    0.000000] ACPI: INT_SRC_OVR (bus 0 bus_irq 0 global_irq 2 dfl dfl)
[    0.000000] ACPI: INT_SRC_OVR (bus 0 bus_irq 9 global_irq 9 low level)
[    0.000000] Using ACPI (MADT) for SMP configuration information
[    0.000000] smpboot: Allowing 2 CPUs, 0 hotplug CPUs
[    0.000000] PM: Registered nosave memory: [mem 0x00000000-0x00000fff]
[    0.000000] PM: Registered nosave memory: [mem 0x0009f000-0x0009ffff]
[    0.000000] PM: Registered nosave memory: [mem 0x000a0000-0x000effff]
[    0.000000] PM: Registered nosave memory: [mem 0x000f0000-0x000fffff]
[    0.000000] e820: [mem 0x40000000-0xfebfffff] available for PCI devices
[    0.000000] Booting paravirtualized kernel on KVM
[    0.000000] clocksource: refined-jiffies: mask: 0xffffffff max_cycles: 0xffffffff, max_idle_ns: 7645519600211568 ns
[    0.000000] random: get_random_bytes called from start_kernel+0x99/0x500 with crng_init=0
[    0.000000] setup_percpu: NR_CPUS:8192 nr_cpumask_bits:2 nr_cpu_ids:2 nr_node_ids:1
[    0.000000] percpu: Embedded 50 pages/cpu s167936 r8192 d28672 u1048576
[    0.000000] PV qspinlock hash table entries: 256 (order: 0, 4096 bytes)
[    0.000000] Built 1 zonelists, mobility grouping on.  Total pages: 257913
[    0.000000] Policy zone: DMA32
[    0.000000] Kernel command line: BOOT_IMAGE=/boot/vmlinuz-4.15.0-176-generic root=LABEL=cloudimg-rootfs ro console=tty1 console=ttyS0
[    0.000000] Memory: 982652K/1048120K available (12300K kernel code, 2484K rwdata, 4324K rodata, 2468K init, 2724K bss, 65468K reserved, 0K cma-reserved)
[    0.000000] SLUB: HWalign=64, Order=0-3, MinObjects=0, CPUs=2, Nodes=1
[    0.000000] Kernel/User page tables isolation: enabled
[    0.000000] ftrace: allocating 39504 entries in 155 pages
[    0.004000] Hierarchical RCU implementation.
[    0.004000] 	RCU restricting CPUs from NR_CPUS=8192 to nr_cpu_ids=2.
[    0.004000] 	Tasks RCU enabled.
[    0.004000] RCU: Adjusting geometry for rcu_fanout_leaf=16, nr_cpu_ids=2
[    0.004000] NR_IRQS: 524544, nr_irqs: 440, preallocated irqs: 16
[    0.004000] Console: colour VGA+ 80x25
[    0.004000] console [tty1] enabled
[    0.004000] console [ttyS0] enabled
[    0.004000] ACPI: Core revision 20170831
[    0.004000] ACPI: 2 ACPI AML tables successfully acquired and loaded
[    0.004000] APIC: Switch to symmetric I/O mode setup
[    0.004000] x2apic enabled
[    0.004000] Switched APIC routing to physical x2apic.
[    0.004000] ..TIMER: vector=0x30 apic1=0 pin1=2 apic2=-1 pin2=-1
[    0.004004] tsc: Detected 2592.000 MHz processor
[    0.004922] Calibrating delay loop (skipped) preset value.. 5184.00 BogoMIPS (lpj=10368000)
[    0.005557] pid_max: default: 32768 minimum: 301
[    0.008028] Security Framework initialized
[    0.008818] Yama: becoming mindful.
[    0.009512] AppArmor: AppArmor initialized
[    0.011254] Dentry cache hash table entries: 131072 (order: 8, 1048576 bytes)
[    0.012041] Inode-cache hash table entries: 65536 (order: 7, 524288 bytes)
[    0.013315] Mount-cache hash table entries: 2048 (order: 2, 16384 bytes)
[    0.014567] Mountpoint-cache hash table entries: 2048 (order: 2, 16384 bytes)
[    0.016208] Last level iTLB entries: 4KB 64, 2MB 8, 4MB 8
[    0.017229] Last level dTLB entries: 4KB 64, 2MB 0, 4MB 0, 1GB 4
[    0.018350] Spectre V1 : Mitigation: usercopy/swapgs barriers and __user pointer sanitization
[    0.020002] Spectre V2 : Mitigation: Retpolines
[    0.020866] Spectre V2 : Spectre v2 / SpectreRSB mitigation: Filling RSB on context switch
[    0.022411] Speculative Store Bypass: Vulnerable
[    0.024034] SRBDS: Unknown: Dependent on hypervisor status
[    0.025063] MDS: Mitigation: Clear CPU buffers
[    0.026037] Freeing SMP alternatives memory: 36K
[    0.136624] smpboot: CPU0: Intel(R) Core(TM) i7-8850H CPU @ 2.60GHz (family: 0x6, model: 0x9e, stepping: 0xa)
[    0.138921] Performance Events: unsupported p6 CPU model 158 no PMU driver, software events only.
[    0.140000] Hierarchical SRCU implementation.
[    0.140555] NMI watchdog: Perf event create on CPU 0 failed with -2
[    0.141939] NMI watchdog: Perf NMI watchdog permanently disabled
[    0.144037] smp: Bringing up secondary CPUs ...
[    0.145042] x86: Booting SMP configuration:
[    0.146388] .... node  #0, CPUs:      #1
[    0.004000] kvm-clock: cpu 1, msr 0:3ff44041, secondary cpu clock
[    0.152019] smp: Brought up 1 node, 2 CPUs
[    0.153524] smpboot: Max logical packages: 1
[    0.154751] smpboot: Total of 2 processors activated (10368.00 BogoMIPS)
[    0.156144] devtmpfs: initialized
[    0.157252] x86/mm: Memory block size: 128MB
[    0.158581] evm: security.selinux
[    0.160003] evm: security.SMACK64
[    0.160688] evm: security.SMACK64EXEC
[    0.161412] evm: security.SMACK64TRANSMUTE
[    0.162323] evm: security.SMACK64MMAP
[    0.163056] evm: security.apparmor
[    0.164003] evm: security.ima
[    0.164707] evm: security.capability
[    0.165555] clocksource: jiffies: mask: 0xffffffff max_cycles: 0xffffffff, max_idle_ns: 7645041785100000 ns
[    0.168008] futex hash table entries: 512 (order: 3, 32768 bytes)
[    0.169193] pinctrl core: initialized pinctrl subsystem
[    0.171085] RTC time: 19:56:36, date: 04/27/22
[    0.172122] NET: Registered protocol family 16
[    0.173095] audit: initializing netlink subsys (disabled)
[    0.174178] audit: type=2000 audit(1651089402.015:1): state=initialized audit_enabled=0 res=1
[    0.176009] cpuidle: using governor ladder
[    0.176847] cpuidle: using governor menu
[    0.177642] ACPI: bus type PCI registered
[    0.178423] acpiphp: ACPI Hot Plug PCI Controller Driver version: 0.5
[    0.180048] PCI: Using configuration type 1 for base access
[    0.181126] HugeTLB registered 2.00 MiB page size, pre-allocated 0 pages
[    0.181300] ACPI: Added _OSI(Module Device)
[    0.184007] ACPI: Added _OSI(Processor Device)
[    0.184864] ACPI: Added _OSI(3.0 _SCP Extensions)
[    0.185767] ACPI: Added _OSI(Processor Aggregator Device)
[    0.186788] ACPI: Added _OSI(Linux-Dell-Video)
[    0.187644] ACPI: Added _OSI(Linux-Lenovo-NV-HDMI-Audio)
[    0.188002] ACPI: Added _OSI(Linux-HPI-Hybrid-Graphics)
[    0.189361] ACPI: Executed 1 blocks of module-level executable AML code
[    0.194042] ACPI: Interpreter enabled
[    0.194788] ACPI: (supports S0 S5)
[    0.195463] ACPI: Using IOAPIC for interrupt routing
[    0.196163] PCI: Using host bridge windows from ACPI; if necessary, use "pci=nocrs" and report a bug
[    0.198070] ACPI: Enabled 2 GPEs in block 00 to 07
[    0.204899] ACPI: PCI Root Bridge [PCI0] (domain 0000 [bus 00-ff])
[    0.206138] acpi PNP0A03:00: _OSC: OS supports [ASPM ClockPM Segments MSI]
[    0.207891] acpi PNP0A03:00: _OSC: not requesting OS control; OS requires [ExtendedConfig ASPM ClockPM MSI]
[    0.208009] acpi PNP0A03:00: fail to add MMCONFIG information, can't access extended PCI configuration space under this bridge.
[    0.212371] PCI host bridge to bus 0000:00
[    0.213200] pci_bus 0000:00: root bus resource [io  0x0000-0x0cf7 window]
[    0.214474] pci_bus 0000:00: root bus resource [io  0x0d00-0xffff window]
[    0.215777] pci_bus 0000:00: root bus resource [mem 0x000a0000-0x000bffff window]
[    0.216006] pci_bus 0000:00: root bus resource [mem 0x40000000-0xfdffffff window]
[    0.217458] pci_bus 0000:00: root bus resource [bus 00-ff]
[    0.222470] pci 0000:00:01.1: legacy IDE quirk: reg 0x10: [io  0x01f0-0x01f7]
[    0.224003] pci 0000:00:01.1: legacy IDE quirk: reg 0x14: [io  0x03f6]
[    0.225248] pci 0000:00:01.1: legacy IDE quirk: reg 0x18: [io  0x0170-0x0177]
[    0.226592] pci 0000:00:01.1: legacy IDE quirk: reg 0x1c: [io  0x0376]
[    0.240261] pci 0000:00:07.0: quirk: [io  0x4000-0x403f] claimed by PIIX4 ACPI
[    0.241729] pci 0000:00:07.0: quirk: [io  0x4100-0x410f] claimed by PIIX4 SMB
[    0.247868] ACPI: PCI Interrupt Link [LNKA] (IRQs 5 9 10 *11)
[    0.248257] ACPI: PCI Interrupt Link [LNKB] (IRQs 5 9 *10 11)
[    0.249588] ACPI: PCI Interrupt Link [LNKC] (IRQs 5 *9 10 11)
[    0.250812] ACPI: PCI Interrupt Link [LNKD] (IRQs 5 9 10 *11)
[    0.252344] SCSI subsystem initialized
[    0.253134] pci 0000:00:02.0: vgaarb: setting as boot VGA device
[    0.253261] pci 0000:00:02.0: vgaarb: VGA device added: decodes=io+mem,owns=io+mem,locks=none
[    0.256015] pci 0000:00:02.0: vgaarb: bridge control possible
[    0.257108] vgaarb: loaded
[    0.257696] ACPI: bus type USB registered
[    0.260030] usbcore: registered new interface driver usbfs
[    0.261427] usbcore: registered new interface driver hub
[    0.262436] usbcore: registered new device driver usb
[    0.263441] EDAC MC: Ver: 3.0.0
[    0.264267] PCI: Using ACPI for IRQ routing
[    0.265438] NetLabel: Initializing
[    0.266479] NetLabel:  domain hash size = 128
[    0.268002] NetLabel:  protocols = UNLABELED CIPSOv4 CALIPSO
[    0.269171] NetLabel:  unlabeled traffic allowed by default
[    0.270500] clocksource: Switched to clocksource kvm-clock
[    0.278279] VFS: Disk quotas dquot_6.6.0
[    0.279293] VFS: Dquot-cache hash table entries: 512 (order 0, 4096 bytes)
[    0.281044] AppArmor: AppArmor Filesystem Enabled
[    0.281973] pnp: PnP ACPI init
[    0.283791] pnp: PnP ACPI: found 3 devices
[    0.292331] clocksource: acpi_pm: mask: 0xffffff max_cycles: 0xffffff, max_idle_ns: 2085701024 ns
[    0.294133] NET: Registered protocol family 2
[    0.295035] IP idents hash table entries: 16384 (order: 5, 131072 bytes)
[    0.297451] TCP established hash table entries: 8192 (order: 4, 65536 bytes)
[    0.298895] TCP bind hash table entries: 8192 (order: 5, 131072 bytes)
[    0.300213] TCP: Hash tables configured (established 8192 bind 8192)
[    0.301464] UDP hash table entries: 512 (order: 2, 16384 bytes)
[    0.302614] UDP-Lite hash table entries: 512 (order: 2, 16384 bytes)
[    0.303852] NET: Registered protocol family 1
[    0.304747] pci 0000:00:00.0: Limiting direct PCI/PCI transfers
[    0.305953] pci 0000:00:01.0: Activating ISA DMA hang workarounds
[    0.307162] pci 0000:00:02.0: Video device with shadowed ROM at [mem 0x000c0000-0x000dffff]
[    0.308855] Unpacking initramfs...
[    0.539438] Freeing initrd memory: 19524K
[    0.540738] clocksource: tsc: mask: 0xffffffffffffffff max_cycles: 0x255cb6cc5db, max_idle_ns: 440795203504 ns
[    0.542766] platform rtc_cmos: registered platform RTC device (no PNP device found)
[    0.544279] Scanning for low memory corruption every 60 seconds
[    0.545895] Initialise system trusted keyrings
[    0.546784] Key type blacklist registered
[    0.547618] workingset: timestamp_bits=36 max_order=18 bucket_order=0
[    0.549730] zbud: loaded
[    0.550613] squashfs: version 4.0 (2009/01/31) Phillip Lougher
[    0.552603] fuse init (API version 7.26)
[    0.554724] Key type asymmetric registered
[    0.555560] Asymmetric key parser 'x509' registered
[    0.556585] Block layer SCSI generic (bsg) driver version 0.4 loaded (major 246)
[    0.558056] io scheduler noop registered
[    0.558820] io scheduler deadline registered
[    0.559657] io scheduler cfq registered (default)
[    0.561042] ACPI: AC Adapter [AC] (on-line)
[    0.561977] input: Power Button as /devices/LNXSYSTM:00/LNXPWRBN:00/input/input0
[    0.563421] ACPI: Power Button [PWRF]
[    0.564294] input: Sleep Button as /devices/LNXSYSTM:00/LNXSLPBN:00/input/input1
[    0.565698] ACPI: Sleep Button [SLPF]
[    0.567911] ACPI: Battery Slot [BAT0] (battery present)
[    0.568121] Serial: 8250/16550 driver, 32 ports, IRQ sharing enabled
[    0.591318] 00:02: ttyS0 at I/O 0x3f8 (irq = 4, base_baud = 115200) is a 16550A
[    0.593977] Linux agpgart interface v0.103
[    0.595556] loop: module loaded
[    0.596769] scsi host0: ata_piix
[    0.597596] scsi host1: ata_piix
[    0.598278] ata1: PATA max UDMA/33 cmd 0x1f0 ctl 0x3f6 bmdma 0xd000 irq 14
[    0.599568] ata2: PATA max UDMA/33 cmd 0x170 ctl 0x376 bmdma 0xd008 irq 15
[    0.601161] tun: Universal TUN/TAP device driver, 1.6
[    0.602694] PPP generic driver version 2.4.2
[    0.603583] ehci_hcd: USB 2.0 'Enhanced' Host Controller (EHCI) Driver
[    0.604901] ehci-pci: EHCI PCI platform driver
[    0.605769] ehci-platform: EHCI generic platform driver
[    0.606754] ohci_hcd: USB 1.1 'Open' Host Controller (OHCI) Driver
[    0.607903] ohci-pci: OHCI PCI platform driver
[    0.608790] ohci-platform: OHCI generic platform driver
[    0.609781] uhci_hcd: USB Universal Host Controller Interface driver
[    0.610992] i8042: PNP: PS/2 Controller [PNP0303:PS2K,PNP0f03:PS2M] at 0x60,0x64 irq 1,12
[    0.613855] serio: i8042 KBD port at 0x60,0x64 irq 1
[    0.614834] serio: i8042 AUX port at 0x60,0x64 irq 12
[    0.615832] mousedev: PS/2 mouse device common for all mice
[    0.617078] input: AT Translated Set 2 keyboard as /devices/platform/i8042/serio0/input/input2
[    0.618994] rtc_cmos rtc_cmos: rtc core: registered rtc_cmos as rtc0
[    0.620230] rtc_cmos rtc_cmos: alarms up to one day, 114 bytes nvram
[    0.621412] i2c /dev entries driver
[    0.622130] device-mapper: uevent: version 1.0.3
[    0.623040] device-mapper: ioctl: 4.37.0-ioctl (2017-09-20) initialised: dm-devel@redhat.com
[    0.624702] ledtrig-cpu: registered to indicate activity on CPUs
[    0.626063] NET: Registered protocol family 10
[    0.629457] Segment Routing with IPv6
[    0.630203] NET: Registered protocol family 17
[    0.631468] Key type dns_resolver registered
[    0.632686] mce: Using 0 MCE banks
[    0.633374] RAS: Correctable Errors collector initialized.
[    0.634418] sched_clock: Marking stable (632623694, 0)->(785383770, -152760076)
[    0.636027] registered taskstats version 1
[    0.636861] Loading compiled-in X.509 certificates
[    0.639666] Loaded X.509 cert 'Build time autogenerated kernel key: cf84eab1a20f3cf5ac3912166f3a35d35ba78c0c'
[    0.642424] Loaded X.509 cert 'Canonical Ltd. Live Patch Signing: 14df34d1a87cf37625abec039ef2bf521249b969'
[    0.644727] Loaded X.509 cert 'Canonical Ltd. Kernel Module Signing: 88f752e560a1e0737e31163a466ad7b70a850c19'
[    0.646573] blacklist: Loading compiled-in revocation X.509 certificates
[    0.647816] Loaded X.509 cert 'Canonical Ltd. Secure Boot Signing: 61482aa2830d0ab2ad5af10b7250da9033ddcef0'
[    0.649731] zswap: loaded using pool lzo/zbud
[    0.653610] Key type big_key registered
[    0.654428] Key type trusted registered
[    0.656403] Key type encrypted registered
[    0.657199] AppArmor: AppArmor sha1 policy hashing enabled
[    0.658242] ima: No TPM chip found, activating TPM-bypass! (rc=-19)
[    0.659623] ima: Allocated hash algorithm: sha1
[    0.660880] evm: HMAC attrs: 0x1
[    0.661974]   Magic number: 2:923:951
[    0.662711] tty tty8: hash matches
[    0.663387] memory memory4: hash matches
[    0.664242] rtc_cmos rtc_cmos: setting system clock to 2022-04-27 19:56:37 UTC (1651089397)
[    0.665981] BIOS EDD facility v0.16 2004-Jun-25, 0 devices found
[    0.667136] EDD information not available.
[    1.172129] Freeing unused kernel image memory: 2468K
[    1.184833] Write protecting the kernel read-only data: 20480k
[    1.188901] Freeing unused kernel image memory: 2008K
[    1.190777] Freeing unused kernel image memory: 1820K
[    1.199641] x86/mm: Checked W+X mappings: passed, no W+X pages found.
[    1.201162] x86/mm: Checking user space page tables
[    1.208481] x86/mm: Checked W+X mappings: passed, no W+X pages found.
Loading, please wait...
starting version 237
[    1.266250] Fusion MPT base driver 3.04.20
[    1.267471] Copyright (c) 1999-2008 LSI Corporation
[    1.270023] e1000: Intel(R) PRO/1000 Network Driver - version 7.3.21-k8-NAPI
[    1.271573] e1000: Copyright (c) 1999-2006 Intel Corporation.
[    1.285133] Fusion MPT SPI Host driver 3.04.20
[    1.290744] AVX2 version of gcm_enc/dec engaged.
[    1.291742] AES CTR mode by8 optimization enabled
[    1.481205] input: ImExPS/2 Generic Explorer Mouse as /devices/platform/i8042/serio1/input/input4
[    1.678492] e1000 0000:00:03.0 eth0: (PCI:33MHz:32-bit) 02:6f:03:d1:c8:fb
[    1.680119] e1000 0000:00:03.0 eth0: Intel(R) PRO/1000 Network Connection
[    1.682748] mptbase: ioc0: Initiating bringup
[    1.683186] e1000 0000:00:03.0 enp0s3: renamed from eth0
[    2.672547] ioc0: LSI53C1030 A0: Capabilities={Initiator}
[    6.182065] scsi host2: ioc0: LSI53C1030 A0, FwRev=00000000h, Ports=1, MaxQ=256, IRQ=20
[    8.673282] scsi 2:0:0:0: Direct-Access     VBOX     HARDDISK         1.0  PQ: 0 ANSI: 5
[    8.708412] scsi target2:0:0: Beginning Domain Validation
[    8.712351] scsi target2:0:0: Domain Validation skipping write tests
[    8.713751] scsi target2:0:0: Ending Domain Validation
[    8.714979] scsi target2:0:0: asynchronous
[    8.716316] scsi 2:0:1:0: Direct-Access     VBOX     HARDDISK         1.0  PQ: 0 ANSI: 5
[    8.748821] scsi target2:0:1: Beginning Domain Validation
[    8.751846] random: fast init done
[    8.753134] scsi target2:0:1: Domain Validation skipping write tests
[    8.754722] scsi target2:0:1: Ending Domain Validation
[    8.756295] scsi target2:0:1: asynchronous
[    8.761809] random: systemd-udevd: uninitialized urandom read (16 bytes read)
[    8.764139] random: systemd-udevd: uninitialized urandom read (16 bytes read)
[    8.764144] sd 2:0:0:0: Attached scsi generic sg0 type 0
[    8.766289] random: systemd-udevd: uninitialized urandom read (16 bytes read)
[    8.769794] sd 2:0:1:0: Attached scsi generic sg1 type 0
[    8.769837] sd 2:0:0:0: [sda] 83886080 512-byte logical blocks: (42.9 GB/40.0 GiB)
[    8.773633] sd 2:0:0:0: [sda] Write Protect is off
[    8.774716] sd 2:0:1:0: [sdb] 20480 512-byte logical blocks: (10.5 MB/10.0 MiB)
[    8.776365] sd 2:0:1:0: [sdb] Write Protect is off
[    8.777480] sd 2:0:1:0: [sdb] Incomplete mode parameter data
[    8.778728] sd 2:0:1:0: [sdb] Assuming drive cache: write through
[    8.780042] sd 2:0:0:0: [sda] Incomplete mode parameter data
[    8.781229] sd 2:0:0:0: [sda] Assuming drive cache: write through
[    8.783952]  sda: sda1
[    8.785000] sd 2:0:1:0: [sdb] Attached SCSI disk
[    8.785928] sd 2:0:0:0: [sda] Attached SCSI disk
Begin: Loading essential drivers ... [   10.476072] raid6: sse2x1   gen() 13184 MB/s
[   10.524082] raid6: sse2x1   xor()  9782 MB/s
[   10.572071] raid6: sse2x2   gen() 16397 MB/s
[   10.621796] raid6: sse2x2   xor() 11548 MB/s
[   10.668037] raid6: sse2x4   gen() 18361 MB/s
[   10.716077] raid6: sse2x4   xor() 11909 MB/s
[   10.764101] raid6: avx2x1   gen() 27209 MB/s
[   10.812090] raid6: avx2x1   xor() 19270 MB/s
[   10.860053] raid6: avx2x2   gen() 30837 MB/s
[   10.908053] raid6: avx2x2   xor() 20561 MB/s
[   10.956517] raid6: avx2x4   gen() 36635 MB/s
[   11.004064] raid6: avx2x4   xor() 22284 MB/s
[   11.004912] raid6: using algorithm avx2x4 gen() 36635 MB/s
[   11.006246] raid6: .... xor() 22284 MB/s, rmw enabled
[   11.007271] raid6: using avx2x2 recovery algorithm
[   11.009315] xor: automatically using best checksumming function   avx       
[   11.011536] async_tx: api initialized (async)
done.
Begin: Running /scripts/init-premount ... done.
Begin: Mounting root file system ... Begin: Running /scripts/local-top ... done.
Begin: Running /scripts/local-premount ... [   11.047405] Btrfs loaded, crc32c=crc32c-intel
Scanning for Btrfs filesystems
done.
Warning: fsck not present, so skipping root file system
[   11.070153] EXT4-fs (sda1): mounted filesystem with ordered data mode. Opts: (null)
done.
Begin: Running /scripts/local-bottom ... done.
Begin: Running /scripts/init-bottom ... done.
[   11.235117] ip_tables: (C) 2000-2006 Netfilter Core Team
[   11.243644] systemd[1]: systemd 237 running in system mode. (+PAM +AUDIT +SELINUX +IMA +APPARMOR +SMACK +SYSVINIT +UTMP +LIBCRYPTSETUP +GCRYPT +GNUTLS +ACL +XZ +LZ4 +SECCOMP +BLKID +ELFUTILS +KMOD -IDN2 +IDN -PCRE2 default-hierarchy=hybrid)
[   11.247796] systemd[1]: Detected virtualization oracle.
[   11.248848] systemd[1]: Detected architecture x86-64.

Welcome to [1mUbuntu 18.04.6 LTS[0m!

[   11.254848] systemd[1]: Set hostname to <ubuntu>.
[   11.258768] systemd[1]: Initializing machine ID from random generator.
[   11.260057] systemd[1]: Installed transient /etc/machine-id file.
[   11.481196] systemd[1]: Reached target System Time Synchronized.
[[0;32m  OK  [0m] Reached target System Time Synchronized.
[   11.483455] systemd[1]: Set up automount Arbitrary Executable File Formats File System Automount Point.
[[0;32m  OK  [0m] Set up automount Arbitrary Executab…rmats File System Automount Point.
[   11.487523] systemd[1]: Created slice User and Session Slice.
[[0;32m  OK  [0m] Created slice User and Session Slice.
[   11.489817] systemd[1]: Reached target User and Group Name Lookups.
[[0;32m  OK  [0m] Reached target User and Group Name Lookups.
[[0;32m  OK  [0m] Created slice System Slice.
[[0;32m  OK  [0m] Reached target Slices.
[[0;32m  OK  [0m] Listening on fsck to fsckd communication Socket.
[[0;32m  OK  [0m] Listening on /dev/initctl Compatibility Named Pipe.
[[0;32m  OK  [0m] Listening on LVM2 poll daemon socket.
[[0;32m  OK  [0m] Listening on udev Kernel Socket.
[[0;32m  OK  [0m] Listening on Journal Socket (/dev/log).
[[0;32m  OK  [0m] Listening on Journal Audit Socket.
[[0;32m  OK  [0m] Listening on Syslog Socket.
[[0;32m  OK  [0m] Listening on LVM2 metadata daemon socket.
[[0;32m  OK  [0m] Created slice system-serial\x2dgetty.slice.
[[0;32m  OK  [0m] Listening on udev Control Socket.
[[0;32m  OK  [0m] Listening on Journal Socket.
         Mounting Kernel Debug File System...
         Starting Create list of required st…ce nodes for the current kernel...
         Mounting POSIX Message Queue File System...
         Starting Set the console keyboard layout...
         Starting Journal Service...
         Mounting Huge Pages File System...
         Starting Uncomplicated firewall...
         Starting File System Check on Root Device...
         Starting Load Kernel Modules...
[[0;32m  OK  [0m] Reached target Swap.
[[0;32m  OK  [0m] Listening on Device-mapper event daemon FIFOs.
         Starting Monitoring of LVM2 mirrors…ng dmeventd or progress polling...
[[0;32m  OK  [0m] Listening on Network Service Netlink Socket.
[[0;32m  OK  [0m] Started Forward Password Requests to Wall Directory Watch.
         Starting udev Coldplug all Devices...
[[0;32m  OK  [0m] Started Journal Service.
[[0;32m  OK  [0m] Mounted Kernel Debug File System.
[[0;32m  OK  [0m] Started Create list of required sta…vice nodes for the current kernel.
[[0;32m  OK  [0m] Mounted POSIX Message Queue File System.
[[0;32m  OK  [0m] Mounted Huge Pages File System.
[   11.575138] Loading iSCSI transport class v2.0-870.
[   11.582337] iscsi: registered transport (tcp)
[[0;32m  OK  [0m] Started Uncomplicated firewall.
[[0;32m  OK  [0m] Started File System Check Daemon to report status.
         Starting Create Static Device Nodes in /dev...
[[0;32m  OK  [0m] Started File System Check on Root Device.
[[0;32m  OK  [0m] Started LVM2 metadata daemon.
         Starting Remount Root and Kernel File Systems...
[[0;32m  OK  [0m] Started udev Coldplug all Devices.
[   11.663739] iscsi: registered transport (iser)
[[0;32m  OK  [0m] Started Load Kernel Modules.
         Mounting Kernel Configuration File System...
         Starting Apply Kernel Variables...
         Mounting FUSE Control File System...
[[0;32m  OK  [0m] Started Create Static Device Nodes in /dev.
[[0;32m  OK  [0m] Mounted Kernel Configuration File System.
[[0;32m  OK  [0m] Mounted FUSE Control File System.
[[0;32m  OK  [0m] Started Remount Root and Kernel File Systems.
         Starting Load/Save Random Seed...
         Starting udev Kernel Device Manager...
         Starting Flush Journal to Persistent Storage...
[[0;32m  OK  [0m] Started Monitoring of LVM2 mirrors,…sing dmeventd or progress polling.
[[0;32m  OK  [0m] Started Apply Kernel Variables.
[[0;32m  OK  [0m] Started Load/Save Random Seed.
[[0;32m  OK  [0m] Started udev Kernel Device Manager.
[[0;32m  OK  [0m] Started Flush Journal to Persistent Storage.
[[0;32m  OK  [0m] Found device /dev/ttyS0.
[[0;32m  OK  [0m] Listening on Load/Save RF Kill Switch Status /dev/rfkill Watch.
[[0;32m  OK  [0m] Started Set the console keyboard layout.
[[0;32m  OK  [0m] Started Dispatch Password Requests to Console Directory Watch.
[[0;32m  OK  [0m] Reached target Local Encrypted Volumes.
[[0;32m  OK  [0m] Reached target Local File Systems (Pre).
[[0;32m  OK  [0m] Reached target Local File Systems.
         Starting ebtables ruleset management...
         Starting Create Volatile Files and Directories...
         Starting Commit a transient machine-id on disk...
         Starting AppArmor initialization...
         Starting Set console font and keymap...
         Starting Tell Plymouth To Write Out Runtime Data...
[[0;32m  OK  [0m] Started Set console font and keymap.
[[0;32m  OK  [0m] Started Tell Plymouth To Write Out Runtime Data.
[[0;32m  OK  [0m] Started Create Volatile Files and Directories.
         Starting Update UTMP about System Boot/Shutdown...
[[0;32m  OK  [0m] Started Commit a transient machine-id on disk.
[[0;32m  OK  [0m] Started Update UTMP about System Boot/Shutdown.
[[0;32m  OK  [0m] Started ebtables ruleset management.
[[0;32m  OK  [0m] Started AppArmor initialization.
         Starting Initial cloud-init job (pre-networking)...
         Starting Load AppArmor profiles managed internally by snapd...
[[0;32m  OK  [0m] Started Load AppArmor profiles managed internally by snapd.
[   14.297241] cloud-init[678]: Cloud-init v. 22.1-14-g2e17a0d6-0ubuntu1~18.04.3 running 'init-local' at Wed, 27 Apr 2022 19:56:50 +0000. Up 13.94 seconds.
[[0;32m  OK  [0m] Started Initial cloud-init job (pre-networking).
[[0;32m  OK  [0m] Reached target Network (Pre).
         Starting Network Service...
[[0;32m  OK  [0m] Started Network Service.
         Starting Network Name Resolution...
         Starting Wait for Network to be Configured...
[[0;32m  OK  [0m] Started Network Name Resolution.
[[0;32m  OK  [0m] Reached target Host and Network Name Lookups.
[[0;32m  OK  [0m] Reached target Network.
[[0;32m  OK  [0m] Started Wait for Network to be Configured.
         Starting Initial cloud-init job (metadata service crawler)...
[   16.840347] cloud-init[806]: Cloud-init v. 22.1-14-g2e17a0d6-0ubuntu1~18.04.3 running 'init' at Wed, 27 Apr 2022 19:56:53 +0000. Up 16.59 seconds.
[   16.856460] cloud-init[806]: ci-info: +++++++++++++++++++++++++++++++++++++Net device info++++++++++++++++++++++++++++++++++++++
[   16.860561] cloud-init[806]: ci-info: +--------+------+---------------------------+---------------+--------+-------------------+
[   16.865117] cloud-init[806]: ci-info: | Device |  Up  |          Address          |      Mask     | Scope  |     Hw-Address    |
[   16.869754] cloud-init[806]: ci-info: +--------+------+---------------------------+---------------+--------+-------------------+
[   16.873578] cloud-init[806]: ci-info: | enp0s3 | True |         10.0.2.15         | 255.255.255.0 | global | 02:6f:03:d1:c8:fb |
[   16.876621] cloud-init[806]: ci-info: | enp0s3 | True | fe80::6f:3ff:fed1:c8fb/64 |       .       |  link  | 02:6f:03:d1:c8:fb |
[   16.878578] cloud-init[806]: ci-info: |   lo   | True |         127.0.0.1         |   255.0.0.0   |  host  |         .         |
[   16.881552] cloud-init[806]: ci-info: |   lo   | True |          ::1/128          |       .       |  host  |         .         |
[   16.884898] cloud-init[806]: ci-info: +--------+------+---------------------------+---------------+--------+-------------------+
[   16.888014] cloud-init[806]: ci-info: ++++++++++++++++++++++++++++Route IPv4 info+++++++++++++++++++++++++++++
[   16.891582] cloud-init[806]: ci-info: +-------+-------------+----------+-----------------+-----------+-------+
[   16.894566] cloud-init[806]: ci-info: | Route | Destination | Gateway  |     Genmask     | Interface | Flags |
[   16.897137] cloud-init[806]: ci-info: +-------+-------------+----------+-----------------+-----------+-------+
[   16.898881] cloud-init[806]: ci-info: |   0   |   0.0.0.0   | 10.0.2.2 |     0.0.0.0     |   enp0s3  |   UG  |
[   16.900971] cloud-init[806]: ci-info: |   1   |   10.0.2.0  | 0.0.0.0  |  255.255.255.0  |   enp0s3  |   U   |
[   16.902573] cloud-init[806]: ci-info: |   2   |   10.0.2.2  | 0.0.0.0  | 255.255.255.255 |   enp0s3  |   UH  |
[   16.904192] cloud-init[806]: ci-info: +-------+-------------+----------+-----------------+-----------+-------+
[   16.906461] cloud-init[806]: ci-info: +++++++++++++++++++Route IPv6 info+++++++++++++++++++
[   16.908755] cloud-init[806]: ci-info: +-------+-------------+---------+-----------+-------+
[   16.911029] cloud-init[806]: ci-info: | Route | Destination | Gateway | Interface | Flags |
[   16.913243] cloud-init[806]: ci-info: +-------+-------------+---------+-----------+-------+
[   16.915526] cloud-init[806]: ci-info: |   1   |  fe80::/64  |    ::   |   enp0s3  |   U   |
[   16.918041] cloud-init[806]: ci-info: |   3   |    local    |    ::   |   enp0s3  |   U   |
[   16.920261] cloud-init[806]: ci-info: |   4   |   ff00::/8  |    ::   |   enp0s3  |   U   |
[   16.921797] cloud-init[806]: ci-info: +-------+-------------+---------+-----------+-------+
[   17.541542] cloud-init[806]: Generating public/private rsa key pair.
[   17.542542] cloud-init[806]: Your identification has been saved in /etc/ssh/ssh_host_rsa_key.
[   17.556299] cloud-init[806]: Your public key has been saved in /etc/ssh/ssh_host_rsa_key.pub.
[   17.568271] cloud-init[806]: The key fingerprint is:
[   17.569146] cloud-init[806]: SHA256:htH39tEY4TOdZGDjXRA6LvbzuWYNX6yYH4PFzFi50Ms root@ubuntu-bionic
[   17.570288] cloud-init[806]: The key's randomart image is:
[   17.580272] cloud-init[806]: +---[RSA 2048]----+
[   17.592225] cloud-init[806]: |             +==.|
[   17.604284] cloud-init[806]: |       .    o+=+o|
[   17.604408] cloud-init[806]: |      . . . +.Oo.|
[   17.604816] cloud-init[806]: |       o . o X O |
[[0;32m  OK  [0m] Started Initial cloud-init job (metadata service crawler).
[   17.605014] cloud-init[806]: |      . S o = E..|
[   17.617454] cloud-init[806]: |       . . + +..o|
[[0;32m  OK  [0m] Reached target Network is Online.
[   17.618182] cloud-init[806]: |            +o+=.|
[   17.618967] cloud-init[806]: |            oo++o|
[   17.619165] cloud-init[806]: |             +=. |
         [   17.640395] cloud-init[806]: +----[SHA256]-----+
[   17.640614] cloud-init[806]: Generating public/private dsa key pair.
Starting Availability of block devices...
[[   17.640958] [0;32m  OK  [0mcloud-init] [806]: Reached target Remote File Systems (Pre).Your identification has been saved in /etc/ssh/ssh_host_dsa_key.

[[0;32m  OK  [0m[   17.645409] ] cloud-initReached target Remote File Systems.[806]: 
Your public key has been saved in /etc/ssh/ssh_host_dsa_key.pub.
[[   17.647228] cloud-init[806]: The key fingerprint is:
[0;32m  OK  [0m] [   17.647321] Reached target System Initialization.cloud-init
[806]: SHA256:6evu50c0TIoDW4IWT23JmcTOWtuGSGW2W0hXBl4bkCc root@ubuntu-bionic
[   17.650445] cloud-init[806]: The key's randomart image is:
[[   17.650526] [0;32m  OK  [0mcloud-init] [806]: Started Trigger to poll for Ubuntu …(Only enabled on GCP LTS non-pro).+---[DSA 1024]----+

[   17.650606] cloud-init[806]: |    .o.=.+o==    |
[[0;32m  OK  [0m] Listening on D-Bus System Message Bus Socket.
[   17.653809] cloud-init[806]: |    ooo #.Eooo   |
[[   17.665053] [0;32m  OK  [0mcloud-init] Started Daily apt download activities.
[806]: |   .  .& =.*.    |
[   17.666339] cloud-init[806]: |      o O.o +    |
[[0;32m  OK  [0m] [   17.667440] cloud-init[806]: |     . +SB . .   |
[   17.668729] cloud-init[806]: |      o.+ o .    |
Started ACPI Events Check.
[   17.668796] cloud-init[806]: |        .. .     |
[[   17.682074] cloud-init[806]: |         .. .    |
[   17.682202] cloud-init[806]: |       +=o..     |
[0;32m  OK  [0m] Reached target Paths.
[   17.682307] cloud-init[806]: +----[SHA256]-----+
[[0;32m  OK  [0m] [   17.693192] cloud-init[806]: Generating public/private ecdsa key pair.
[   17.693594] cloud-init[806]: Your identification has been saved in /etc/ssh/ssh_host_ecdsa_key.
Started Message of the Day.
[   17.693782] cloud-init[806]: Your public key has been saved in /etc/ssh/ssh_host_ecdsa_key.pub.
[[0;32m  OK  [0m[   17.705837] ] cloud-initStarted Discard unused blocks once a week.[806]: 
The key fingerprint is:
[   17.706682] cloud-init[806]: SHA256:V3fa5Ih4t8JV8QdJA7aF2s5vWLnIKdGu/EyWXD25ZDU root@ubuntu-bionic
         [   17.716696] cloud-init[806]: The key's randomart image is:
[   17.716834] cloud-init[806]: +---[ECDSA 256]---+
[   17.718258] cloud-init[806]: |            o+=o |
Starting Socket activation for snappy daemon.
[   17.718470] cloud-init[806]: |           ..o.oo|
[[   17.730174] cloud-init[806]: |           oo .EB|
[   17.730272] cloud-init[806]: |          .o.o X=|
[   17.730453] cloud-init[806]: |        S o+o **+|
[0;32m  OK  [0m] Listening on cloud-init hotplug hook socket.
[   17.730549] cloud-init[806]: |         ..++==.o|
[[0;32m  OK  [0m[   17.757134] cloud-init[806]: |           +B*.o |
[   17.757427] cloud-init[806]: |         ..+*.+  |
[   17.758011] cloud-init[806]: |          o+o.   |
] Started Daily apt upgrade and clean activities.
[   17.758067] cloud-init[806]: +----[SHA256]-----+
[[   17.768178] [0;32m  OK  [0mcloud-init] [806]: Listening on UUID daemon activation socket.Generating public/private ed25519 key pair.

[   17.769076] cloud-init[806]: Your identification has been saved in /etc/ssh/ssh_host_ed25519_key.
         [   17.780927] Starting LXD - unix socket.cloud-init
[806]: Your public key has been saved in /etc/ssh/ssh_host_ed25519_key.pub.
[[0;32m  OK  [0m[   17.782054] ] cloud-initStarted Ubuntu Advantage Timer for running repeated jobs.[806]: 
The key fingerprint is:
[[0;32m  OK  [0m] Listening on Open-iSCSI iscsid Socket.
[   17.783351] cloud-init[806]: SHA256:OIv86FTQMXh0ssflz4MPCUJ4nWe6YzFvvQvvLCF5op8 root@ubuntu-bionic
[[0;32m  OK  [0m[   17.800508] cloud-init[806]: The key's randomart image is:
[   17.801005] cloud-init[806]: +--[ED25519 256]--+
] Listening on ACPID Listen Socket.
[   17.801536] cloud-init[806]: |     +*....      |
[[0;32m  OK  [0m] Started Daily Cleanup of Temporary Directories.
[[   17.816120] cloud-init[806]: |    oooBooo      |
[0;32m  OK  [0m] Reached target Timers.
[   17.817276] cloud-init[806]: |    .o+ ++.      |
[[0;32m  OK  [0m] Reached target Cloud-config availability.
[   17.832552] cloud-init[806]: |     . ++. =     |
[   17.835405] cloud-init[806]: |      + S*+.+    |
[   17.836446] cloud-init[806]: |   . o oB =o..   |
[[0;32m  OK  [0m[   17.848367] ] cloud-initStarted Availability of block devices.[806]: 
|    + .o *....   |
[[   17.860326] [0;32m  OK  [0mcloud-init] [806]: Listening on Socket activation for snappy daemon.|   . o.  ..+.    |

[[0;32m  OK  [0m] Listening on LXD - unix socket.
[[0;32m  OK  [0m] Reached target Sockets.
[[0;32m  OK  [0m] Reached target Basic System.
[[0;32m  OK  [0m] Started Deferred execution scheduler.
         Starting Virtualbox guest utils...
         Starting System Logging Service...
         Starting Permit User Sessions...
[   17.873257] cloud-init[806]: |   .o ..E  o=.   |
[   17.894110] cloud-init[806]: +----[SHA256]-----+
         Starting Snap Daemon...
         Starting LSB: Record successful boot for GRUB...
[[0;32m  OK  [0m] Started Regular background program processing daemon.
         Starting LSB: automatic crash report generation...
         Starting Dispatcher daemon for systemd-networkd...
[[0;32m  OK  [0m] Started D-Bus System Message Bus.
[[0;32m  OK  [0m] Started irqbalance daemon.
         Starting Pollinate to seed the pseudo random number generator...
[[0;32m  OK  [0m] Started FUSE filesystem for LXC.
         Starting LXD - container startup/shutdown...
         Starting Accounts Service...
         Starting Login Service...
[[0;32m  OK  [0m] Started System Logging Service.
[[0;32m  OK  [0m] Started Permit User Sessions.
         Starting Hold until boot process finishes up...
         Starting Terminate Plymouth Boot Screen...
[[0;32m  OK  [0m] Started Hold until boot process finishes up.
         Starting Set console scheme...
[[0;32m  OK  [0m] Started Serial Getty on ttyS0.
[[0;32m  OK  [0m] Started Terminate Plymouth Boot Screen.
[[0;32m  OK  [0m] Started Set console scheme.
[[0;32m  OK  [0m] Created slice system-getty.slice.
[[0;32m  OK  [0m] Started Getty on tty1.
[[0;32m  OK  [0m] Reached target Login Prompts.
[[0;32m  OK  [0m] Started LSB: Record successful boot for GRUB.
[[0;32m  OK  [0m] Started Login Service.
[[0;32m  OK  [0m] Started Unattended Upgrades Shutdown.
[[0;32m  OK  [0m] Started LSB: automatic crash report generation.
[[0;32m  OK  [0m] Started Virtualbox guest utils.
         Starting Authorization Manager...
[[0;32m  OK  [0m] Started LXD - container startup/shutdown.
[[0;32m  OK  [0m] Started Authorization Manager.
[[0;32m  OK  [0m] Started Accounts Service.
[[0;32m  OK  [0m] Started Dispatcher daemon for systemd-networkd.
[[0;32m  OK  [0m] Started Snap Daemon.
         Starting Wait until snapd is fully seeded...
         Starting Time & Date Service...
[[0;32m  OK  [0m] Started Time & Date Service.
[[0;32m  OK  [0m] Started Pollinate to seed the pseudo random number generator.
         Starting OpenBSD Secure Shell server...
[[0;32m  OK  [0m] Started OpenBSD Secure Shell server.
[[0;32m  OK  [0m] Created slice User Slice of vagrant.
         Starting User Manager for UID 1000...
[[0;32m  OK  [0m] Started Session 1 of user vagrant.
[[0;32m  OK  [0m] Started User Manager for UID 1000.
[[0;32m  OK  [0m] Started Wait until snapd is fully seeded.
[[0;32m  OK  [0m] Reached target Multi-User System.
[[0;32m  OK  [0m] Reached target Graphical Interface.
         Starting Update UTMP about System Runlevel Changes...
         Starting Apply the settings specified in cloud-config...
[[0;32m  OK  [0m] Started Update UTMP about System Runlevel Changes.
[   22.656169] cloud-init[1392]: Cloud-init v. 22.1-14-g2e17a0d6-0ubuntu1~18.04.3 running 'modules:config' at Wed, 27 Apr 2022 19:56:58 +0000. Up 22.02 seconds.
[[0;32m  OK  [0m] Started Apply the settings specified in cloud-config.
         Starting Execute cloud user/final scripts...
ci-info: no authorized SSH keys fingerprints found for user ubuntu.
<14>Apr 27 19:57:00 cloud-init: #############################################################
<14>Apr 27 19:57:00 cloud-init: -----BEGIN SSH HOST KEY FINGERPRINTS-----
<14>Apr 27 19:57:00 cloud-init: 1024 SHA256:6evu50c0TIoDW4IWT23JmcTOWtuGSGW2W0hXBl4bkCc root@ubuntu-bionic (DSA)
<14>Apr 27 19:57:00 cloud-init: 256 SHA256:V3fa5Ih4t8JV8QdJA7aF2s5vWLnIKdGu/EyWXD25ZDU root@ubuntu-bionic (ECDSA)
<14>Apr 27 19:57:00 cloud-init: 256 SHA256:OIv86FTQMXh0ssflz4MPCUJ4nWe6YzFvvQvvLCF5op8 root@ubuntu-bionic (ED25519)
<14>Apr 27 19:57:00 cloud-init: 2048 SHA256:htH39tEY4TOdZGDjXRA6LvbzuWYNX6yYH4PFzFi50Ms root@ubuntu-bionic (RSA)
<14>Apr 27 19:57:00 cloud-init: -----END SSH HOST KEY FINGERPRINTS-----
<14>Apr 27 19:57:00 cloud-init: #############################################################
-----BEGIN SSH HOST KEY KEYS-----
ecdsa-sha2-nistp256 AAAAE2VjZHNhLXNoYTItbmlzdHAyNTYAAAAIbmlzdHAyNTYAAABBBM1LhlQgbC8Y8j1t835Ozqa0kyWokbtJOpW3kxB8JfVFXgkCdrjlnryIk/v0n3M319r6PDOh+qcJ5qIJe0HWHnc= root@ubuntu-bionic
ssh-ed25519 AAAAC3NzaC1lZDI1NTE5AAAAIItB65wUQE2qeQcrHuHQoJj+c61Dv9c+MpTs+aqW8Ckl root@ubuntu-bionic
ssh-rsa AAAAB3NzaC1yc2EAAAADAQABAAABAQDXj4je0MQMUpHY5egCY6hPCfve/3HritctwcTuR8kmZHWsfNsjPpY0blR/Sf6O+Cz/M5bybj/MlV/JYjTQSfaK9Hyjcaa7fpB2ok2H8DSuYTwVeRj9y4grbKMdQn3ANWz+nkxOPO4EJCNtCpjIY9rjBDRThuw9tQ2Gt2hYZMe2lyQ2GSV22Hin1MZyL/qshtTTEiyO4nSdBL9ymf+d+Y63SdDhyYGiRrHw3Di/oQ+J8QqIfz+CDuueIVttlfjNIP7P8gm2hiXzR+X19L/aKLBPbmxZn7ABvDgEJIZAQx9U9uXLc3cE6r+7EH7aXHLQ9vLQHN7VSer7tRiQNGsir+L7 root@ubuntu-bionic
-----END SSH HOST KEY KEYS-----
[   23.306441] cloud-init[1484]: Cloud-init v. 22.1-14-g2e17a0d6-0ubuntu1~18.04.3 running 'modules:final' at Wed, 27 Apr 2022 19:56:59 +0000. Up 23.11 seconds.
[   23.306757] cloud-init[1484]: Cloud-init v. 22.1-14-g2e17a0d6-0ubuntu1~18.04.3 finished at Wed, 27 Apr 2022 19:57:00 +0000. Datasource DataSourceNoCloud [seed=/dev/sdb][dsmode=net].  Up 23.29 seconds

Ubuntu 18.04.6 LTS ubuntu-bionic ttyS0

ubuntu-bionic login: 